sdfsda
aloha
[09/01/20 18:04:28] aloha
[09/01/20 18:08:28] Error: This
[09/01/20 18:09:51] Warning: This
[09/01/20 18:13:02] Warning: This is America
[09/01/20 18:16:30] Warning: This is America
[09/01/20 18:16:49] Warning: This is America
[09/01/20 18:16:49] Error: This is America
[09/01/20 18:18:49] Warning: This is America
[09/01/20 18:18:49] Error: This is America
[09/01/20 18:19:37] Warning: This is America
[09/01/20 18:19:37] Error: This is America
[09/01/20 18:20:17] Warning: This is America
[09/01/20 18:20:17] Error: This is America
[09/01/20 18:21:03] Warning: This is America
[09/01/20 18:21:03] Error: This is America
[09/01/20 18:21:24] Warning: This is America
[09/01/20 18:21:24] Error: This is America
[09/01/20 18:22:17] Warning: This is America
[09/01/20 18:22:17] Error: This is America
[09/01/20 18:23:05] Warning: This is America
[09/01/20 18:23:05] Error: This is America
[09/01/20 18:23:55] Warning: This is America
[09/01/20 18:23:55] Error: This is America
[09/01/20 18:24:06] Warning: This is America
[09/01/20 18:24:06] Error: This is America
